[debug] [2019-03-28T23:39:13.412Z] ----------------------------------------------------------------------
[debug] [2019-03-28T23:39:13.419Z] Command:       C:\Program Files\nodejs\node.exe C:\Users\Luci\AppData\Roaming\npm\node_modules\firebase-tools\lib\bin\firebase.js serve --project bacan-network-s
[debug] [2019-03-28T23:39:13.420Z] CLI Version:   6.5.0
[debug] [2019-03-28T23:39:13.420Z] Platform:      win32
[debug] [2019-03-28T23:39:13.420Z] Node Version:  v11.8.0
[debug] [2019-03-28T23:39:13.422Z] Time:          Thu Mar 28 2019 17:39:13 GMT-0600 (GMT-06:00)
[debug] [2019-03-28T23:39:13.422Z] ----------------------------------------------------------------------
[debug] 
[debug] [2019-03-28T23:39:13.461Z] > command requires scopes: ["email","openid","https://www.googleapis.com/auth/cloudplatformprojects.readonly","https://www.googleapis.com/auth/firebase","https://www.googleapis.com/auth/cloud-platform"]
[debug] [2019-03-28T23:39:13.462Z] > authorizing via signed-in user
[debug] [2019-03-28T23:39:13.463Z] [iam] checking project bacan-network-s for permissions ["firebase.projects.get"]
[debug] [2019-03-28T23:39:13.468Z] >>> HTTP REQUEST POST https://cloudresourcemanager.googleapis.com/v1/projects/bacan-network-s:testIamPermissions  

[debug] [2019-03-28T23:39:14.629Z] <<< HTTP RESPONSE 200
[debug] [2019-03-28T23:39:14.635Z] >>> HTTP REQUEST GET https://cloudresourcemanager.googleapis.com/v1/projects/bacan-network-s  
 
[debug] [2019-03-28T23:39:15.700Z] <<< HTTP RESPONSE 200
[info] 
[info] === Serving from 'C:\Users\Luci\Desktop\laboratoria\SCL008-Social-Network'...
[info] 
[debug] [2019-03-28T23:39:15.707Z] >>> HTTP REQUEST GET https://mobilesdk-pa.googleapis.com/v1/projects/758434856794/clients/_:getWebAppConfig  
 
[debug] [2019-03-28T23:39:16.550Z] <<< HTTP RESPONSE 200
[info] i  hosting: Serving hosting files from: src
[info] +  hosting: Local server: http://localhost:5000
